\BOOKMARK [0][-]{chapter.1}{Elementare Funktionen}{}% 1
\BOOKMARK [1][-]{section.1.1}{Grundlegendes zu Funktionen}{chapter.1}% 2
\BOOKMARK [2][-]{section*.2}{Einf\374hrung}{section.1.1}% 3
\BOOKMARK [2][-]{subsection.1.1.1}{Zuordnungen zwischen Mengen}{section.1.1}% 4
\BOOKMARK [2][-]{subsection.1.1.2}{Funktionen in Mathematik und Anwendungen}{section.1.1}% 5
\BOOKMARK [2][-]{subsection.1.1.3}{Umkehrbarkeit}{section.1.1}% 6
\BOOKMARK [1][-]{section.1.2}{Lineare Funktionen und Polynome}{chapter.1}% 7
\BOOKMARK [2][-]{section*.3}{Einf\374hrung}{section.1.2}% 8
\BOOKMARK [2][-]{subsection.1.2.1}{Konstante Funktionen und die Identit\344t}{section.1.2}% 9
\BOOKMARK [2][-]{subsection.1.2.2}{Lineare Funktionen}{section.1.2}% 10
\BOOKMARK [2][-]{subsection.1.2.3}{Linear-affine Funktionen}{section.1.2}% 11
\BOOKMARK [2][-]{subsection.1.2.4}{Betragsfunktionen}{section.1.2}% 12
\BOOKMARK [2][-]{subsection.1.2.5}{Monome}{section.1.2}% 13
\BOOKMARK [2][-]{subsection.1.2.6}{Polynome und ihre Nullstellen}{section.1.2}% 14
\BOOKMARK [2][-]{subsection.1.2.7}{Hyperbeln}{section.1.2}% 15
\BOOKMARK [2][-]{subsection.1.2.8}{Gebrochenrationale Funktionen}{section.1.2}% 16
\BOOKMARK [2][-]{subsection.1.2.9}{Asymptoten}{section.1.2}% 17
\BOOKMARK [1][-]{section.1.3}{Potenzfunktionen}{chapter.1}% 18
\BOOKMARK [2][-]{section*.4}{Einf\374hrung}{section.1.3}% 19
\BOOKMARK [2][-]{subsection.1.3.1}{Wurzelfunktionen}{section.1.3}% 20
\BOOKMARK [1][-]{section.1.4}{Exponentialfunktion und Logarithmus}{chapter.1}% 21
\BOOKMARK [2][-]{section*.5}{Einf\374hrung}{section.1.4}% 22
\BOOKMARK [2][-]{section*.6}{Inhalt}{section.1.4}% 23
\BOOKMARK [2][-]{subsection.1.4.1}{Eulersche Funktion}{section.1.4}% 24
\BOOKMARK [2][-]{subsection.1.4.2}{Logarithmus}{section.1.4}% 25
\BOOKMARK [2][-]{subsection.1.4.3}{Logarithmengesetze}{section.1.4}% 26
\BOOKMARK [1][-]{section.1.5}{Trigonometrische Funktionen}{chapter.1}% 27
\BOOKMARK [2][-]{section*.7}{Einf\374hrung}{section.1.5}% 28
\BOOKMARK [2][-]{subsection.1.5.1}{Die Sinusfunktion}{section.1.5}% 29
\BOOKMARK [2][-]{subsection.1.5.2}{Kosinus und Tangens}{section.1.5}% 30
\BOOKMARK [1][-]{section.1.6}{Eigenschaften und Konstruktion elementarer Funktionen}{chapter.1}% 31
\BOOKMARK [2][-]{section*.8}{Einf\374hrung}{section.1.6}% 32
\BOOKMARK [2][-]{subsection.1.6.1}{Symmetrie}{section.1.6}% 33
\BOOKMARK [2][-]{subsection.1.6.2}{Summen, Produkte, Verkettungen}{section.1.6}% 34
\BOOKMARK [1][-]{section.1.7}{Abschlusstest}{chapter.1}% 35
\BOOKMARK [2][-]{section*.9}{Abschlusstest zu Modul 7}{section.1.7}% 36
