\BOOKMARK [0][-]{chapter.1}{Lineare Gleichungssysteme}{}% 1
\BOOKMARK [1][-]{section.1.1}{Was sind Lineare Gleichungssysteme?}{chapter.1}% 2
\BOOKMARK [2][-]{subsection.1.1.1}{Einf\374hrung}{section.1.1}% 3
\BOOKMARK [2][-]{subsection.1.1.2}{Inhalt}{section.1.1}% 4
\BOOKMARK [1][-]{section.1.2}{LGS mit zwei Unbekannten}{chapter.1}% 5
\BOOKMARK [2][-]{subsection.1.2.1}{Einf\374hrung}{section.1.2}% 6
\BOOKMARK [2][-]{subsection.1.2.2}{Die Einsetzmethode und die Gleichsetzmethode}{section.1.2}% 7
\BOOKMARK [2][-]{subsection.1.2.3}{Die Additionsmethode}{section.1.2}% 8
\BOOKMARK [2][-]{subsection.1.2.4}{Aufgaben}{section.1.2}% 9
\BOOKMARK [1][-]{section.1.3}{LGS mit drei Unbekannten}{chapter.1}% 10
\BOOKMARK [2][-]{subsection.1.3.1}{Einf\374hrung}{section.1.3}% 11
\BOOKMARK [2][-]{subsection.1.3.2}{L\366sbarkeit und Gleichsetzmethode, Graphische Interpretation}{section.1.3}% 12
\BOOKMARK [2][-]{subsection.1.3.3}{Die Einsetzmethode}{section.1.3}% 13
\BOOKMARK [2][-]{subsection.1.3.4}{Die Additionsmethode}{section.1.3}% 14
\BOOKMARK [2][-]{subsection.1.3.5}{Aufgaben}{section.1.3}% 15
\BOOKMARK [1][-]{section.1.4}{Allgemeinere Systeme}{chapter.1}% 16
\BOOKMARK [2][-]{subsection.1.4.1}{Einf\374hrung}{section.1.4}% 17
\BOOKMARK [2][-]{subsection.1.4.2}{Systeme mit freiem Parameter}{section.1.4}% 18
\BOOKMARK [2][-]{subsection.1.4.3}{Aufgaben}{section.1.4}% 19
\BOOKMARK [1][-]{section.1.5}{Abschlusstest}{chapter.1}% 20
\BOOKMARK [2][-]{subsection.1.5.1}{Abschlusstest Modul 5}{section.1.5}% 21
